\BOOKMARK [0][-]{chapter*.2}{\376\377\000A\000b\000s\000t\000r\000a\000c\000t}{}% 1
\BOOKMARK [0][-]{chapter*.5}{\376\377\000A\000b\000s\000t\000r\000a\000c\000t\000\040\000i\000n\000\040\000l\000i\000n\000g\000u\000a\000\040\000i\000t\000a\000l\000i\000a\000n\000a}{}% 2
\BOOKMARK [0][-]{chapter*.8}{\376\377\000A\000c\000k\000n\000o\000w\000l\000e\000d\000g\000e\000m\000e\000n\000t\000s}{}% 3
\BOOKMARK [0][-]{chapter*.17}{\376\377\000L\000i\000s\000t\000\040\000o\000f\000\040\000S\000y\000m\000b\000o\000l\000s}{}% 4
\BOOKMARK [0][-]{chapter*.20}{\376\377\000C\000o\000n\000t\000e\000n\000t\000s}{}% 5
\BOOKMARK [0][-]{chapter.1}{\376\377\000I\000n\000t\000r\000o\000d\000u\000c\000t\000i\000o\000n}{}% 6
\BOOKMARK [1][-]{section.1.1}{\376\377\000U\000s\000e\000\040\000c\000a\000s\000e\000s}{chapter.1}% 7
\BOOKMARK [1][-]{section.1.2}{\376\377\000T\000h\000e\000s\000i\000s\000\040\000S\000t\000r\000u\000c\000t\000u\000r\000e}{chapter.1}% 8
\BOOKMARK [0][-]{chapter.2}{\376\377\000B\000a\000c\000k\000g\000r\000o\000u\000n\000d}{}% 9
\BOOKMARK [1][-]{section.2.1}{\376\377\000L\000i\000n\000e}{chapter.2}% 10
\BOOKMARK [1][-]{section.2.2}{\376\377\000P\000l\000a\000n\000e}{chapter.2}% 11
\BOOKMARK [1][-]{section.2.3}{\376\377\000N\000e\000u\000r\000a\000l\000\040\000N\000e\000t\000w\000o\000r\000k\000s}{chapter.2}% 12
\BOOKMARK [2][-]{subsection.2.3.1}{\376\377\000A\000u\000t\000o\000-\000E\000n\000c\000o\000d\000e\000r\000s}{section.2.3}% 13
\BOOKMARK [2][-]{subsection.2.3.2}{\376\377\000S\000e\000l\000f\000\040\000O\000r\000g\000a\000n\000i\000z\000i\000n\000g\000\040\000M\000a\000p\000s}{section.2.3}% 14
\BOOKMARK [1][-]{section.2.4}{\376\377\000V\000o\000r\000o\000n\000o\000i\000\040\000T\000e\000s\000s\000e\000l\000l\000a\000t\000i\000o\000n}{chapter.2}% 15
\BOOKMARK [1][-]{section.2.5}{\376\377\000M\000a\000n\000i\000f\000o\000l\000d}{chapter.2}% 16
\BOOKMARK [1][-]{section.2.6}{\376\377\000C\000l\000a\000s\000s\000i\000f\000i\000c\000a\000t\000i\000o\000n\000\040\000M\000e\000t\000r\000i\000c\000s}{chapter.2}% 17
\BOOKMARK [2][-]{subsection.2.6.1}{\376\377\000R\000e\000c\000e\000i\000v\000e\000r\000\040\000O\000p\000e\000r\000a\000t\000i\000n\000g\000\040\000C\000h\000a\000r\000a\000c\000t\000e\000r\000i\000s\000t\000i\000c\000\040\000c\000u\000r\000v\000e}{section.2.6}% 18
\BOOKMARK [0][-]{chapter.3}{\376\377\000R\000e\000l\000a\000t\000e\000d\000\040\000W\000o\000r\000k}{}% 19
\BOOKMARK [1][-]{section.3.1}{\376\377\000L\000o\000c\000a\000l\000\040\000O\000u\000t\000l\000i\000e\000r\000s\000\040\000F\000a\000c\000t\000o\000r}{chapter.3}% 20
\BOOKMARK [1][-]{section.3.2}{\376\377\000I\000s\000o\000l\000a\000t\000i\000o\000n\000\040\000F\000o\000r\000e\000s\000t}{chapter.3}% 21
\BOOKMARK [2][-]{subsection.3.2.1}{\376\377\000T\000r\000a\000i\000n\000i\000n\000g\000\040\000s\000t\000a\000g\000e}{section.3.2}% 22
\BOOKMARK [2][-]{subsection.3.2.2}{\376\377\000E\000v\000a\000l\000u\000a\000t\000i\000o\000n\000\040\000S\000t\000a\000g\000e}{section.3.2}% 23
\BOOKMARK [1][-]{section.3.3}{\376\377\000P\000r\000e\000f\000e\000r\000e\000n\000c\000e\000\040\000I\000s\000o\000l\000a\000t\000i\000o\000n\000\040\000F\000o\000r\000e\000s\000t}{chapter.3}% 24
\BOOKMARK [2][-]{subsection.3.3.1}{\376\377\000P\000r\000e\000f\000e\000r\000e\000n\000c\000e\000\040\000E\000m\000b\000e\000d\000d\000i\000n\000g}{section.3.3}% 25
\BOOKMARK [2][-]{subsection.3.3.2}{\376\377\000P\000i\000-\000F\000o\000r\000e\000s\000t}{section.3.3}% 26
\BOOKMARK [2][-]{subsection.3.3.3}{\376\377\000A\000n\000o\000m\000a\000l\000y\000\040\000S\000c\000o\000r\000e}{section.3.3}% 27
\BOOKMARK [0][-]{chapter.4}{\376\377\000P\000r\000o\000p\000o\000s\000e\000d\000\040\000M\000e\000t\000h\000o\000d}{}% 28
\BOOKMARK [1][-]{section.4.1}{\376\377\000P\000r\000o\000b\000l\000e\000m\000\040\000F\000o\000r\000m\000u\000l\000a\000t\000i\000o\000n}{chapter.4}% 29
\BOOKMARK [1][-]{section.4.2}{\376\377\000R\000a\000t\000i\000o\000n\000a\000l\000e}{chapter.4}% 30
\BOOKMARK [1][-]{section.4.3}{\376\377\000A\000l\000g\000o\000r\000i\000t\000h\000m}{chapter.4}% 31
\BOOKMARK [1][-]{section.4.4}{\376\377\000P\000a\000t\000t\000e\000r\000n\000\040\000l\000e\000a\000r\000n\000e\000r\000s}{chapter.4}% 32
\BOOKMARK [2][-]{subsection.4.4.1}{\376\377\000L\000i\000n\000e\000\040\000a\000n\000d\000\040\000P\000l\000a\000n\000e}{section.4.4}% 33
\BOOKMARK [2][-]{subsection.4.4.2}{\376\377\000A\000u\000t\000o\000-\000e\000n\000c\000o\000d\000e\000r\000s}{section.4.4}% 34
\BOOKMARK [2][-]{subsection.4.4.3}{\376\377\000S\000e\000l\000f\000\040\000O\000r\000g\000a\000n\000i\000z\000i\000n\000g\000\040\000M\000a\000p\000s}{section.4.4}% 35
\BOOKMARK [1][-]{section.4.5}{\376\377\000P\000r\000e\000f\000e\000r\000e\000n\000c\000e\000\040\000E\000m\000b\000e\000d\000d\000i\000n\000g}{chapter.4}% 36
\BOOKMARK [0][-]{chapter.5}{\376\377\000E\000x\000p\000e\000r\000i\000m\000e\000n\000t\000s}{}% 37
\BOOKMARK [1][-]{section.5.1}{\376\377\000D\000a\000t\000a}{chapter.5}% 38
\BOOKMARK [1][-]{section.5.2}{\376\377\000M\000e\000t\000h\000o\000d\000o\000l\000o\000g\000y}{chapter.5}% 39
\BOOKMARK [2][-]{subsection.5.2.1}{\376\377\000H\000y\000p\000e\000r\000-\000p\000a\000r\000a\000m\000e\000t\000e\000r\000s}{section.5.2}% 40
\BOOKMARK [2][-]{subsection.5.2.2}{\376\377\000T\000e\000s\000t\000i\000n\000g\000\040\000P\000r\000o\000c\000e\000d\000u\000r\000e}{section.5.2}% 41
\BOOKMARK [1][-]{section.5.3}{\376\377\000R\000e\000s\000u\000l\000t\000s}{chapter.5}% 42
\BOOKMARK [2][-]{subsection.5.3.1}{\376\377\000T\000w\000o\000-\000d\000i\000m\000e\000n\000s\000i\000o\000n\000a\000l\000\040\000d\000a\000t\000a}{section.5.3}% 43
\BOOKMARK [2][-]{subsection.5.3.2}{\376\377\000T\000h\000r\000e\000e\000-\000d\000i\000m\000e\000n\000s\000i\000o\000n\000a\000l\000\040\000d\000a\000t\000a}{section.5.3}% 44
\BOOKMARK [0][-]{chapter.6}{\376\377\000C\000o\000n\000c\000l\000u\000s\000i\000o\000n\000s\000\040\000a\000n\000d\000\040\000f\000u\000t\000u\000r\000e\000\040\000w\000o\000r\000k}{}% 45
\BOOKMARK [0][-]{chapter*.212}{\376\377\000B\000i\000b\000l\000i\000o\000g\000r\000a\000p\000h\000y}{}% 46
\BOOKMARK [0][-]{appendix.A}{\376\377\000A\000p\000p\000e\000n\000d\000i\000x\000\040\000A}{}% 47
\BOOKMARK [1][-]{section.A.1}{\376\377\000C\000o\000d\000e\000\040\000-\000\040\000P\000l\000a\000n\000e\000\040\000c\000a\000l\000c\000u\000l\000a\000t\000i\000o\000n\000s}{appendix.A}% 48
\BOOKMARK [1][-]{section.A.2}{\376\377\000C\000o\000d\000e\000\040\000-\000\040\000L\000O\000F\000\040\000e\000x\000p\000e\000r\000i\000m\000e\000n\000t\000s}{appendix.A}% 49
\BOOKMARK [1][-]{section.A.3}{\376\377\000C\000o\000d\000e\000\040\000-\000\040\000i\000F\000o\000r\000\040\000e\000x\000p\000e\000r\000i\000m\000e\000n\000t\000s}{appendix.A}% 50
\BOOKMARK [0][-]{appendix.A}{\376\377\000A\000p\000p\000e\000n\000d\000i\000x\000\040\000B}{}% 51
\BOOKMARK [1][-]{section.A.1}{\376\377\000R\000e\000s\000u\000l\000t\000s\000\040\000-\000\040\000A\000u\000t\000o\000-\000E\000n\000c\000o\000d\000e\000r}{appendix.A}% 52
\BOOKMARK [2][-]{subsection.A.1.1}{\376\377\000A\000r\000c\000h\000i\000t\000e\000c\000t\000u\000r\000e\000\040\0001\000\040\000-\000\040\0002\000D}{section.A.1}% 53
\BOOKMARK [2][-]{subsection.A.1.2}{\376\377\000A\000r\000c\000h\000i\000t\000e\000c\000t\000u\000r\000e\000\040\0002\000\040\000-\000\040\0002\000D}{section.A.1}% 54
\BOOKMARK [2][-]{subsection.A.1.3}{\376\377\000A\000r\000c\000h\000i\000t\000e\000c\000t\000u\000r\000e\000\040\0003\000\040\000-\000\040\0003\000D}{section.A.1}% 55
\BOOKMARK [2][-]{subsection.A.1.4}{\376\377\000A\000r\000c\000h\000i\000t\000e\000c\000t\000u\000r\000e\000\040\0004\000\040\000-\000\040\0003\000D}{section.A.1}% 56
\BOOKMARK [1][-]{section.A.2}{\376\377\000R\000e\000s\000u\000l\000t\000s\000\040\000-\000\040\000S\000e\000l\000f\000\040\000O\000r\000g\000a\000n\000i\000z\000i\000n\000g\000\040\000M\000a\000p\000s}{appendix.A}% 57
\BOOKMARK [2][-]{subsection.A.2.1}{\376\377\000A\000r\000c\000h\000i\000t\000e\000c\000t\000u\000r\000e\000\040\0001\000\040\000-\000\040\0002\000D}{section.A.2}% 58
\BOOKMARK [2][-]{subsection.A.2.2}{\376\377\000A\000r\000c\000h\000i\000t\000e\000c\000t\000u\000r\000e\000\040\0001\000\040\000-\000\040\0003\000D}{section.A.2}% 59
\BOOKMARK [2][-]{subsection.A.2.3}{\376\377\000A\000r\000c\000h\000i\000t\000e\000c\000t\000u\000r\000e\000\040\0002\000\040\000-\000\040\0002\000D}{section.A.2}% 60
\BOOKMARK [2][-]{subsection.A.2.4}{\376\377\000A\000r\000c\000h\000i\000t\000e\000c\000t\000u\000r\000e\000\040\0002\000\040\000-\000\040\0003\000D}{section.A.2}% 61
\BOOKMARK [1][-]{section.A.3}{\376\377\000R\000e\000s\000u\000l\000t\000s\000\040\000-\000\040\000C\000o\000m\000p\000a\000r\000i\000s\000o\000n}{appendix.A}% 62
\BOOKMARK [0][-]{appendix*.273}{\376\377\000L\000i\000s\000t\000\040\000o\000f\000\040\000F\000i\000g\000u\000r\000e\000s}{}% 63
\BOOKMARK [0][-]{appendix*.275}{\376\377\000L\000i\000s\000t\000\040\000o\000f\000\040\000T\000a\000b\000l\000e\000s}{}% 64
\BOOKMARK [0][-]{appendix*.277}{\376\377\000L\000i\000s\000t\000\040\000o\000f\000\040\000A\000l\000g\000o\000r\000i\000t\000h\000m\000s}{}% 65
\BOOKMARK [0][-]{appendix*.279}{\376\377\000L\000i\000s\000t\000\040\000o\000f\000\040\000L\000i\000s\000t\000i\000n\000g\000s}{}% 66
